2018-08-07 22:18:27 ERROR [DirectJDKLog.java:181] - Servlet.service() for servlet [dispatcherServlet] in context with path [] threw exception [Request processing failed; nested exception is org.springframework.web.multipart.MultipartException: Could not parse multipart servlet request; nested exception is java.lang.IllegalStateException: org.apache.tomcat.util.http.fileupload.FileUploadBase$SizeLimitExceededException: the request was rejected because its size (16252968) exceeds the configured maximum (10485760)] with root cause
org.apache.tomcat.util.http.fileupload.FileUploadBase$SizeLimitExceededException: the request was rejected because its size (16252968) exceeds the configured maximum (10485760)
	at org.apache.tomcat.util.http.fileupload.FileUploadBase$FileItemIteratorImpl.<init>(FileUploadBase.java:805) ~[tomcat-embed-core-8.5.23.jar:8.5.23]
	at org.apache.tomcat.util.http.fileupload.FileUploadBase.getItemIterator(FileUploadBase.java:256) ~[tomcat-embed-core-8.5.23.jar:8.5.23]
	at org.apache.tomcat.util.http.fileupload.FileUploadBase.parseRequest(FileUploadBase.java:280) ~[tomcat-embed-core-8.5.23.jar:8.5.23]
	at org.apache.catalina.connector.Request.parseParts(Request.java:2864) ~[tomcat-embed-core-8.5.23.jar:8.5.23]
	at org.apache.catalina.connector.Request.parseParameters(Request.java:3211) ~[tomcat-embed-core-8.5.23.jar:8.5.23]
	at org.apache.catalina.connector.Request.getParameter(Request.java:1137) ~[tomcat-embed-core-8.5.23.jar:8.5.23]
	at org.apache.catalina.connector.RequestFacade.getParameter(RequestFacade.java:381) ~[tomcat-embed-core-8.5.23.jar:8.5.23]
	at org.springframework.web.filter.HiddenHttpMethodFilter.doFilterInternal(HiddenHttpMethodFilter.java:75) ~[spring-web-4.3.13.RELEASE.jar:4.3.13.RELEASE]
	at org.springframework.web.filter.OncePerRequestFilter.doFilter(OncePerRequestFilter.java:107) ~[spring-web-4.3.13.RELEASE.jar:4.3.13.RELEASE]
	at org.apache.catalina.core.ApplicationFilterChain.internalDoFilter(ApplicationFilterChain.java:193) ~[tomcat-embed-core-8.5.23.jar:8.5.23]
	at org.apache.catalina.core.ApplicationFilterChain.doFilter(ApplicationFilterChain.java:166) ~[tomcat-embed-core-8.5.23.jar:8.5.23]
	at org.springframework.web.filter.CharacterEncodingFilter.doFilterInternal(CharacterEncodingFilter.java:197) ~[spring-web-4.3.13.RELEASE.jar:4.3.13.RELEASE]
	at org.springframework.web.filter.OncePerRequestFilter.doFilter(OncePerRequestFilter.java:107) ~[spring-web-4.3.13.RELEASE.jar:4.3.13.RELEASE]
	at org.apache.catalina.core.ApplicationFilterChain.internalDoFilter(ApplicationFilterChain.java:193) ~[tomcat-embed-core-8.5.23.jar:8.5.23]
	at org.apache.catalina.core.ApplicationFilterChain.doFilter(ApplicationFilterChain.java:166) ~[tomcat-embed-core-8.5.23.jar:8.5.23]
	at org.apache.catalina.core.StandardWrapperValve.invoke(StandardWrapperValve.java:199) [tomcat-embed-core-8.5.23.jar:8.5.23]
	at org.apache.catalina.core.StandardContextValve.invoke(StandardContextValve.java:96) [tomcat-embed-core-8.5.23.jar:8.5.23]
	at org.apache.catalina.authenticator.AuthenticatorBase.invoke(AuthenticatorBase.java:478) [tomcat-embed-core-8.5.23.jar:8.5.23]
	at org.apache.catalina.core.StandardHostValve.invoke(StandardHostValve.java:140) [tomcat-embed-core-8.5.23.jar:8.5.23]
	at org.apache.catalina.valves.ErrorReportValve.invoke(ErrorReportValve.java:81) [tomcat-embed-core-8.5.23.jar:8.5.23]
	at org.apache.catalina.core.StandardEngineValve.invoke(StandardEngineValve.java:87) [tomcat-embed-core-8.5.23.jar:8.5.23]
	at org.apache.catalina.connector.CoyoteAdapter.service(CoyoteAdapter.java:342) [tomcat-embed-core-8.5.23.jar:8.5.23]
	at org.apache.coyote.http11.Http11Processor.service(Http11Processor.java:803) [tomcat-embed-core-8.5.23.jar:8.5.23]
	at org.apache.coyote.AbstractProcessorLight.process(AbstractProcessorLight.java:66) [tomcat-embed-core-8.5.23.jar:8.5.23]
	at org.apache.coyote.AbstractProtocol$ConnectionHandler.process(AbstractProtocol.java:868) [tomcat-embed-core-8.5.23.jar:8.5.23]
	at org.apache.tomcat.util.net.NioEndpoint$SocketProcessor.doRun(NioEndpoint.java:1459) [tomcat-embed-core-8.5.23.jar:8.5.23]
	at org.apache.tomcat.util.net.SocketProcessorBase.run(SocketProcessorBase.java:49) [tomcat-embed-core-8.5.23.jar:8.5.23]
	at java.util.concurrent.ThreadPoolExecutor.runWorker(ThreadPoolExecutor.java:1149) [?:1.8.0_181]
	at java.util.concurrent.ThreadPoolExecutor$Worker.run(ThreadPoolExecutor.java:624) [?:1.8.0_181]
	at org.apache.tomcat.util.threads.TaskThread$WrappingRunnable.run(TaskThread.java:61) [tomcat-embed-core-8.5.23.jar:8.5.23]
	at java.lang.Thread.run(Thread.java:748) [?:1.8.0_181]
2018-08-07 22:18:28 ERROR [DirectJDKLog.java:181] - Servlet.service() for servlet [dispatcherServlet] in context with path [] threw exception [Request processing failed; nested exception is org.springframework.web.multipart.MultipartException: Could not parse multipart servlet request; nested exception is java.lang.IllegalStateException: org.apache.tomcat.util.http.fileupload.FileUploadBase$SizeLimitExceededException: the request was rejected because its size (16252968) exceeds the configured maximum (10485760)] with root cause
org.apache.tomcat.util.http.fileupload.FileUploadBase$SizeLimitExceededException: the request was rejected because its size (16252968) exceeds the configured maximum (10485760)
	at org.apache.tomcat.util.http.fileupload.FileUploadBase$FileItemIteratorImpl.<init>(FileUploadBase.java:805) ~[tomcat-embed-core-8.5.23.jar:8.5.23]
	at org.apache.tomcat.util.http.fileupload.FileUploadBase.getItemIterator(FileUploadBase.java:256) ~[tomcat-embed-core-8.5.23.jar:8.5.23]
	at org.apache.tomcat.util.http.fileupload.FileUploadBase.parseRequest(FileUploadBase.java:280) ~[tomcat-embed-core-8.5.23.jar:8.5.23]
	at org.apache.catalina.connector.Request.parseParts(Request.java:2864) ~[tomcat-embed-core-8.5.23.jar:8.5.23]
	at org.apache.catalina.connector.Request.parseParameters(Request.java:3211) ~[tomcat-embed-core-8.5.23.jar:8.5.23]
	at org.apache.catalina.connector.Request.getParameter(Request.java:1137) ~[tomcat-embed-core-8.5.23.jar:8.5.23]
	at org.apache.catalina.connector.RequestFacade.getParameter(RequestFacade.java:381) ~[tomcat-embed-core-8.5.23.jar:8.5.23]
	at org.springframework.web.filter.HiddenHttpMethodFilter.doFilterInternal(HiddenHttpMethodFilter.java:75) ~[spring-web-4.3.13.RELEASE.jar:4.3.13.RELEASE]
	at org.springframework.web.filter.OncePerRequestFilter.doFilter(OncePerRequestFilter.java:107) ~[spring-web-4.3.13.RELEASE.jar:4.3.13.RELEASE]
	at org.apache.catalina.core.ApplicationFilterChain.internalDoFilter(ApplicationFilterChain.java:193) ~[tomcat-embed-core-8.5.23.jar:8.5.23]
	at org.apache.catalina.core.ApplicationFilterChain.doFilter(ApplicationFilterChain.java:166) ~[tomcat-embed-core-8.5.23.jar:8.5.23]
	at org.springframework.web.filter.CharacterEncodingFilter.doFilterInternal(CharacterEncodingFilter.java:197) ~[spring-web-4.3.13.RELEASE.jar:4.3.13.RELEASE]
	at org.springframework.web.filter.OncePerRequestFilter.doFilter(OncePerRequestFilter.java:107) ~[spring-web-4.3.13.RELEASE.jar:4.3.13.RELEASE]
	at org.apache.catalina.core.ApplicationFilterChain.internalDoFilter(ApplicationFilterChain.java:193) ~[tomcat-embed-core-8.5.23.jar:8.5.23]
	at org.apache.catalina.core.ApplicationFilterChain.doFilter(ApplicationFilterChain.java:166) ~[tomcat-embed-core-8.5.23.jar:8.5.23]
	at org.apache.catalina.core.StandardWrapperValve.invoke(StandardWrapperValve.java:199) [tomcat-embed-core-8.5.23.jar:8.5.23]
	at org.apache.catalina.core.StandardContextValve.invoke(StandardContextValve.java:96) [tomcat-embed-core-8.5.23.jar:8.5.23]
	at org.apache.catalina.authenticator.AuthenticatorBase.invoke(AuthenticatorBase.java:478) [tomcat-embed-core-8.5.23.jar:8.5.23]
	at org.apache.catalina.core.StandardHostValve.invoke(StandardHostValve.java:140) [tomcat-embed-core-8.5.23.jar:8.5.23]
	at org.apache.catalina.valves.ErrorReportValve.invoke(ErrorReportValve.java:81) [tomcat-embed-core-8.5.23.jar:8.5.23]
	at org.apache.catalina.core.StandardEngineValve.invoke(StandardEngineValve.java:87) [tomcat-embed-core-8.5.23.jar:8.5.23]
	at org.apache.catalina.connector.CoyoteAdapter.service(CoyoteAdapter.java:342) [tomcat-embed-core-8.5.23.jar:8.5.23]
	at org.apache.coyote.http11.Http11Processor.service(Http11Processor.java:803) [tomcat-embed-core-8.5.23.jar:8.5.23]
	at org.apache.coyote.AbstractProcessorLight.process(AbstractProcessorLight.java:66) [tomcat-embed-core-8.5.23.jar:8.5.23]
	at org.apache.coyote.AbstractProtocol$ConnectionHandler.process(AbstractProtocol.java:868) [tomcat-embed-core-8.5.23.jar:8.5.23]
	at org.apache.tomcat.util.net.NioEndpoint$SocketProcessor.doRun(NioEndpoint.java:1459) [tomcat-embed-core-8.5.23.jar:8.5.23]
	at org.apache.tomcat.util.net.SocketProcessorBase.run(SocketProcessorBase.java:49) [tomcat-embed-core-8.5.23.jar:8.5.23]
	at java.util.concurrent.ThreadPoolExecutor.runWorker(ThreadPoolExecutor.java:1149) [?:1.8.0_181]
	at java.util.concurrent.ThreadPoolExecutor$Worker.run(ThreadPoolExecutor.java:624) [?:1.8.0_181]
	at org.apache.tomcat.util.threads.TaskThread$WrappingRunnable.run(TaskThread.java:61) [tomcat-embed-core-8.5.23.jar:8.5.23]
	at java.lang.Thread.run(Thread.java:748) [?:1.8.0_181]
2018-08-07 22:19:26 ERROR [DirectJDKLog.java:181] - Servlet.service() for servlet [dispatcherServlet] in context with path [] threw exception [Request processing failed; nested exception is org.springframework.web.multipart.MultipartException: Could not parse multipart servlet request; nested exception is java.lang.IllegalStateException: org.apache.tomcat.util.http.fileupload.FileUploadBase$SizeLimitExceededException: the request was rejected because its size (47616613) exceeds the configured maximum (10485760)] with root cause
org.apache.tomcat.util.http.fileupload.FileUploadBase$SizeLimitExceededException: the request was rejected because its size (47616613) exceeds the configured maximum (10485760)
	at org.apache.tomcat.util.http.fileupload.FileUploadBase$FileItemIteratorImpl.<init>(FileUploadBase.java:805) ~[tomcat-embed-core-8.5.23.jar:8.5.23]
	at org.apache.tomcat.util.http.fileupload.FileUploadBase.getItemIterator(FileUploadBase.java:256) ~[tomcat-embed-core-8.5.23.jar:8.5.23]
	at org.apache.tomcat.util.http.fileupload.FileUploadBase.parseRequest(FileUploadBase.java:280) ~[tomcat-embed-core-8.5.23.jar:8.5.23]
	at org.apache.catalina.connector.Request.parseParts(Request.java:2864) ~[tomcat-embed-core-8.5.23.jar:8.5.23]
	at org.apache.catalina.connector.Request.parseParameters(Request.java:3211) ~[tomcat-embed-core-8.5.23.jar:8.5.23]
	at org.apache.catalina.connector.Request.getParameter(Request.java:1137) ~[tomcat-embed-core-8.5.23.jar:8.5.23]
	at org.apache.catalina.connector.RequestFacade.getParameter(RequestFacade.java:381) ~[tomcat-embed-core-8.5.23.jar:8.5.23]
	at org.springframework.web.filter.HiddenHttpMethodFilter.doFilterInternal(HiddenHttpMethodFilter.java:75) ~[spring-web-4.3.13.RELEASE.jar:4.3.13.RELEASE]
	at org.springframework.web.filter.OncePerRequestFilter.doFilter(OncePerRequestFilter.java:107) ~[spring-web-4.3.13.RELEASE.jar:4.3.13.RELEASE]
	at org.apache.catalina.core.ApplicationFilterChain.internalDoFilter(ApplicationFilterChain.java:193) ~[tomcat-embed-core-8.5.23.jar:8.5.23]
	at org.apache.catalina.core.ApplicationFilterChain.doFilter(ApplicationFilterChain.java:166) ~[tomcat-embed-core-8.5.23.jar:8.5.23]
	at org.springframework.web.filter.CharacterEncodingFilter.doFilterInternal(CharacterEncodingFilter.java:197) ~[spring-web-4.3.13.RELEASE.jar:4.3.13.RELEASE]
	at org.springframework.web.filter.OncePerRequestFilter.doFilter(OncePerRequestFilter.java:107) ~[spring-web-4.3.13.RELEASE.jar:4.3.13.RELEASE]
	at org.apache.catalina.core.ApplicationFilterChain.internalDoFilter(ApplicationFilterChain.java:193) ~[tomcat-embed-core-8.5.23.jar:8.5.23]
	at org.apache.catalina.core.ApplicationFilterChain.doFilter(ApplicationFilterChain.java:166) ~[tomcat-embed-core-8.5.23.jar:8.5.23]
	at org.apache.catalina.core.StandardWrapperValve.invoke(StandardWrapperValve.java:199) [tomcat-embed-core-8.5.23.jar:8.5.23]
	at org.apache.catalina.core.StandardContextValve.invoke(StandardContextValve.java:96) [tomcat-embed-core-8.5.23.jar:8.5.23]
	at org.apache.catalina.authenticator.AuthenticatorBase.invoke(AuthenticatorBase.java:478) [tomcat-embed-core-8.5.23.jar:8.5.23]
	at org.apache.catalina.core.StandardHostValve.invoke(StandardHostValve.java:140) [tomcat-embed-core-8.5.23.jar:8.5.23]
	at org.apache.catalina.valves.ErrorReportValve.invoke(ErrorReportValve.java:81) [tomcat-embed-core-8.5.23.jar:8.5.23]
	at org.apache.catalina.core.StandardEngineValve.invoke(StandardEngineValve.java:87) [tomcat-embed-core-8.5.23.jar:8.5.23]
	at org.apache.catalina.connector.CoyoteAdapter.service(CoyoteAdapter.java:342) [tomcat-embed-core-8.5.23.jar:8.5.23]
	at org.apache.coyote.http11.Http11Processor.service(Http11Processor.java:803) [tomcat-embed-core-8.5.23.jar:8.5.23]
	at org.apache.coyote.AbstractProcessorLight.process(AbstractProcessorLight.java:66) [tomcat-embed-core-8.5.23.jar:8.5.23]
	at org.apache.coyote.AbstractProtocol$ConnectionHandler.process(AbstractProtocol.java:868) [tomcat-embed-core-8.5.23.jar:8.5.23]
	at org.apache.tomcat.util.net.NioEndpoint$SocketProcessor.doRun(NioEndpoint.java:1459) [tomcat-embed-core-8.5.23.jar:8.5.23]
	at org.apache.tomcat.util.net.SocketProcessorBase.run(SocketProcessorBase.java:49) [tomcat-embed-core-8.5.23.jar:8.5.23]
	at java.util.concurrent.ThreadPoolExecutor.runWorker(ThreadPoolExecutor.java:1149) [?:1.8.0_181]
	at java.util.concurrent.ThreadPoolExecutor$Worker.run(ThreadPoolExecutor.java:624) [?:1.8.0_181]
	at org.apache.tomcat.util.threads.TaskThread$WrappingRunnable.run(TaskThread.java:61) [tomcat-embed-core-8.5.23.jar:8.5.23]
	at java.lang.Thread.run(Thread.java:748) [?:1.8.0_181]
2018-08-07 22:22:32 WARN [null:-1] - Error during decode falling back on alternative fax decode.
2018-08-07 22:22:32 WARN [null:-1] - Error during decode falling back on alternative fax decode.
2018-08-07 22:22:32 WARN [null:-1] - Error during decode falling back on alternative fax decode.
2018-08-07 22:22:32 WARN [null:-1] - Error during decode falling back on alternative fax decode.
2018-08-07 22:22:32 WARN [null:-1] - Error during decode falling back on alternative fax decode.
2018-08-07 22:22:32 WARN [null:-1] - Error during decode falling back on alternative fax decode.
2018-08-07 22:22:32 WARN [null:-1] - Error during decode falling back on alternative fax decode.
2018-08-07 22:22:32 WARN [null:-1] - Error during decode falling back on alternative fax decode.
2018-08-07 22:22:32 WARN [null:-1] - Error during decode falling back on alternative fax decode.
2018-08-07 22:22:32 WARN [null:-1] - Error during decode falling back on alternative fax decode.
2018-08-07 22:22:32 WARN [null:-1] - Error during decode falling back on alternative fax decode.
2018-08-07 22:22:32 WARN [null:-1] - Error during decode falling back on alternative fax decode.
2018-08-07 22:22:32 WARN [null:-1] - Error during decode falling back on alternative fax decode.
2018-08-07 22:22:32 WARN [null:-1] - Error during decode falling back on alternative fax decode.
2018-08-07 22:32:58 WARN [null:-1] - Error during decode falling back on alternative fax decode.
2018-08-07 22:32:58 WARN [null:-1] - Error during decode falling back on alternative fax decode.
2018-08-07 22:32:58 WARN [null:-1] - Error during decode falling back on alternative fax decode.
2018-08-07 22:32:58 WARN [null:-1] - Error during decode falling back on alternative fax decode.
2018-08-07 22:32:58 WARN [null:-1] - Error during decode falling back on alternative fax decode.
2018-08-07 22:32:58 WARN [null:-1] - Error during decode falling back on alternative fax decode.
2018-08-07 22:32:58 WARN [null:-1] - Error during decode falling back on alternative fax decode.
2018-08-07 22:32:58 WARN [null:-1] - Error during decode falling back on alternative fax decode.
2018-08-07 22:32:58 WARN [null:-1] - Error during decode falling back on alternative fax decode.
2018-08-07 22:32:58 WARN [null:-1] - Error during decode falling back on alternative fax decode.
2018-08-07 22:32:58 WARN [null:-1] - Error during decode falling back on alternative fax decode.
2018-08-07 22:32:58 WARN [null:-1] - Error during decode falling back on alternative fax decode.
2018-08-07 22:32:58 WARN [null:-1] - Error during decode falling back on alternative fax decode.
2018-08-07 22:32:58 WARN [null:-1] - Error during decode falling back on alternative fax decode.
2018-08-07 22:42:31 WARN [null:-1] - Error during decode falling back on alternative fax decode.
2018-08-07 22:42:31 WARN [null:-1] - Error during decode falling back on alternative fax decode.
2018-08-07 22:42:31 WARN [null:-1] - Error during decode falling back on alternative fax decode.
2018-08-07 22:42:31 WARN [null:-1] - Error during decode falling back on alternative fax decode.
2018-08-07 22:42:31 WARN [null:-1] - Error during decode falling back on alternative fax decode.
2018-08-07 22:42:31 WARN [null:-1] - Error during decode falling back on alternative fax decode.
2018-08-07 22:42:31 WARN [null:-1] - Error during decode falling back on alternative fax decode.
2018-08-07 22:42:31 WARN [null:-1] - Error during decode falling back on alternative fax decode.
2018-08-07 22:42:31 WARN [null:-1] - Error during decode falling back on alternative fax decode.
2018-08-07 22:42:31 WARN [null:-1] - Error during decode falling back on alternative fax decode.
2018-08-07 22:42:31 WARN [null:-1] - Error during decode falling back on alternative fax decode.
2018-08-07 22:42:31 WARN [null:-1] - Error during decode falling back on alternative fax decode.
2018-08-07 22:42:31 WARN [null:-1] - Error during decode falling back on alternative fax decode.
2018-08-07 22:42:31 WARN [null:-1] - Error during decode falling back on alternative fax decode.
2018-08-07 22:53:21 WARN [null:-1] - Error during decode falling back on alternative fax decode.
2018-08-07 22:53:21 WARN [null:-1] - Error during decode falling back on alternative fax decode.
2018-08-07 22:53:21 WARN [null:-1] - Error during decode falling back on alternative fax decode.
2018-08-07 22:53:21 WARN [null:-1] - Error during decode falling back on alternative fax decode.
2018-08-07 22:53:21 WARN [null:-1] - Error during decode falling back on alternative fax decode.
2018-08-07 22:53:21 WARN [null:-1] - Error during decode falling back on alternative fax decode.
2018-08-07 22:53:21 WARN [null:-1] - Error during decode falling back on alternative fax decode.
2018-08-07 22:53:21 WARN [null:-1] - Error during decode falling back on alternative fax decode.
2018-08-07 22:53:21 WARN [null:-1] - Error during decode falling back on alternative fax decode.
2018-08-07 22:53:21 WARN [null:-1] - Error during decode falling back on alternative fax decode.
2018-08-07 22:53:22 WARN [null:-1] - Error during decode falling back on alternative fax decode.
2018-08-07 22:53:22 WARN [null:-1] - Error during decode falling back on alternative fax decode.
2018-08-07 22:53:22 WARN [null:-1] - Error during decode falling back on alternative fax decode.
2018-08-07 22:53:22 WARN [null:-1] - Error during decode falling back on alternative fax decode.
