2018-08-07 18:26:49 WARN [AbstractApplicationContext.java:551] - Exception encountered during context initialization - cancelling refresh attempt: org.springframework.beans.factory.BeanCreationException: Error creating bean with name 'translateController' defined in file [F:\javaProject\pdf\target\classes\cn\aimengmeng\tool\pdf\controller\TranslateController.class]: Instantiation of bean failed; nested exception is org.springframework.beans.BeanInstantiationException: Failed to instantiate [cn.aimengmeng.tool.pdf.controller.TranslateController]: Constructor threw exception; nested exception is java.lang.Error: Unresolved compilation problems: 
	PdfPageCaptureServiceImpl cannot be resolved to a type
	PdfPageCaptureServiceImpl cannot be resolved to a type
	The method capturePages(InputStream, String, Integer, Integer, Float, Float, Integer, int[], boolean) in the type PdfpagePdfboxServiceImpl is not applicable for the arguments (InputStream)

2018-08-07 18:26:49 ERROR [SpringApplication.java:771] - Application startup failed
org.springframework.beans.factory.BeanCreationException: Error creating bean with name 'translateController' defined in file [F:\javaProject\pdf\target\classes\cn\aimengmeng\tool\pdf\controller\TranslateController.class]: Instantiation of bean failed; nested exception is org.springframework.beans.BeanInstantiationException: Failed to instantiate [cn.aimengmeng.tool.pdf.controller.TranslateController]: Constructor threw exception; nested exception is java.lang.Error: Unresolved compilation problems: 
	PdfPageCaptureServiceImpl cannot be resolved to a type
	PdfPageCaptureServiceImpl cannot be resolved to a type
	The method capturePages(InputStream, String, Integer, Integer, Float, Float, Integer, int[], boolean) in the type PdfpagePdfboxServiceImpl is not applicable for the arguments (InputStream)

	at org.springframework.beans.factory.support.AbstractAutowireCapableBeanFactory.instantiateBean(AbstractAutowireCapableBeanFactory.java:1155) ~[spring-beans-4.3.13.RELEASE.jar:4.3.13.RELEASE]
	at org.springframework.beans.factory.support.AbstractAutowireCapableBeanFactory.createBeanInstance(AbstractAutowireCapableBeanFactory.java:1099) ~[spring-beans-4.3.13.RELEASE.jar:4.3.13.RELEASE]
	at org.springframework.beans.factory.support.AbstractAutowireCapableBeanFactory.doCreateBean(AbstractAutowireCapableBeanFactory.java:513) ~[spring-beans-4.3.13.RELEASE.jar:4.3.13.RELEASE]
	at org.springframework.beans.factory.support.AbstractAutowireCapableBeanFactory.createBean(AbstractAutowireCapableBeanFactory.java:483) ~[spring-beans-4.3.13.RELEASE.jar:4.3.13.RELEASE]
	at org.springframework.beans.factory.support.AbstractBeanFactory$1.getObject(AbstractBeanFactory.java:306) ~[spring-beans-4.3.13.RELEASE.jar:4.3.13.RELEASE]
	at org.springframework.beans.factory.support.DefaultSingletonBeanRegistry.getSingleton(DefaultSingletonBeanRegistry.java:230) ~[spring-beans-4.3.13.RELEASE.jar:4.3.13.RELEASE]
	at org.springframework.beans.factory.support.AbstractBeanFactory.doGetBean(AbstractBeanFactory.java:302) ~[spring-beans-4.3.13.RELEASE.jar:4.3.13.RELEASE]
	at org.springframework.beans.factory.support.AbstractBeanFactory.getBean(AbstractBeanFactory.java:197) ~[spring-beans-4.3.13.RELEASE.jar:4.3.13.RELEASE]
	at org.springframework.beans.factory.support.DefaultListableBeanFactory.preInstantiateSingletons(DefaultListableBeanFactory.java:761) ~[spring-beans-4.3.13.RELEASE.jar:4.3.13.RELEASE]
	at org.springframework.context.support.AbstractApplicationContext.finishBeanFactoryInitialization(AbstractApplicationContext.java:867) ~[spring-context-4.3.13.RELEASE.jar:4.3.13.RELEASE]
	at org.springframework.context.support.AbstractApplicationContext.refresh(AbstractApplicationContext.java:543) ~[spring-context-4.3.13.RELEASE.jar:4.3.13.RELEASE]
	at org.springframework.boot.context.embedded.EmbeddedWebApplicationContext.refresh(EmbeddedWebApplicationContext.java:122) ~[spring-boot-1.5.9.RELEASE.jar:1.5.9.RELEASE]
	at org.springframework.boot.SpringApplication.refresh(SpringApplication.java:693) [spring-boot-1.5.9.RELEASE.jar:1.5.9.RELEASE]
	at org.springframework.boot.SpringApplication.refreshContext(SpringApplication.java:360) [spring-boot-1.5.9.RELEASE.jar:1.5.9.RELEASE]
	at org.springframework.boot.SpringApplication.run(SpringApplication.java:303) [spring-boot-1.5.9.RELEASE.jar:1.5.9.RELEASE]
	at cn.aimengmeng.tool.pdf.app.App.main(App.java:18) [classes/:?]
	at sun.reflect.NativeMethodAccessorImpl.invoke0(Native Method) ~[?:1.8.0_181]
	at sun.reflect.NativeMethodAccessorImpl.invoke(NativeMethodAccessorImpl.java:62) ~[?:1.8.0_181]
	at sun.reflect.DelegatingMethodAccessorImpl.invoke(DelegatingMethodAccessorImpl.java:43) ~[?:1.8.0_181]
	at java.lang.reflect.Method.invoke(Method.java:498) ~[?:1.8.0_181]
	at org.springframework.boot.devtools.restart.RestartLauncher.run(RestartLauncher.java:49) [spring-boot-devtools-1.5.9.RELEASE.jar:1.5.9.RELEASE]
Caused by: org.springframework.beans.BeanInstantiationException: Failed to instantiate [cn.aimengmeng.tool.pdf.controller.TranslateController]: Constructor threw exception; nested exception is java.lang.Error: Unresolved compilation problems: 
	PdfPageCaptureServiceImpl cannot be resolved to a type
	PdfPageCaptureServiceImpl cannot be resolved to a type
	The method capturePages(InputStream, String, Integer, Integer, Float, Float, Integer, int[], boolean) in the type PdfpagePdfboxServiceImpl is not applicable for the arguments (InputStream)

	at org.springframework.beans.BeanUtils.instantiateClass(BeanUtils.java:154) ~[spring-beans-4.3.13.RELEASE.jar:4.3.13.RELEASE]
	at org.springframework.beans.factory.support.SimpleInstantiationStrategy.instantiate(SimpleInstantiationStrategy.java:89) ~[spring-beans-4.3.13.RELEASE.jar:4.3.13.RELEASE]
	at org.springframework.beans.factory.support.AbstractAutowireCapableBeanFactory.instantiateBean(AbstractAutowireCapableBeanFactory.java:1147) ~[spring-beans-4.3.13.RELEASE.jar:4.3.13.RELEASE]
	... 20 more
Caused by: java.lang.Error: Unresolved compilation problems: 
	PdfPageCaptureServiceImpl cannot be resolved to a type
	PdfPageCaptureServiceImpl cannot be resolved to a type
	The method capturePages(InputStream, String, Integer, Integer, Float, Float, Integer, int[], boolean) in the type PdfpagePdfboxServiceImpl is not applicable for the arguments (InputStream)

	at cn.aimengmeng.tool.pdf.controller.TranslateController.<init>(TranslateController.java:62) ~[classes/:?]
	at sun.reflect.NativeConstructorAccessorImpl.newInstance0(Native Method) ~[?:1.8.0_181]
	at sun.reflect.NativeConstructorAccessorImpl.newInstance(NativeConstructorAccessorImpl.java:62) ~[?:1.8.0_181]
	at sun.reflect.DelegatingConstructorAccessorImpl.newInstance(DelegatingConstructorAccessorImpl.java:45) ~[?:1.8.0_181]
	at java.lang.reflect.Constructor.newInstance(Constructor.java:423) ~[?:1.8.0_181]
	at org.springframework.beans.BeanUtils.instantiateClass(BeanUtils.java:142) ~[spring-beans-4.3.13.RELEASE.jar:4.3.13.RELEASE]
	at org.springframework.beans.factory.support.SimpleInstantiationStrategy.instantiate(SimpleInstantiationStrategy.java:89) ~[spring-beans-4.3.13.RELEASE.jar:4.3.13.RELEASE]
	at org.springframework.beans.factory.support.AbstractAutowireCapableBeanFactory.instantiateBean(AbstractAutowireCapableBeanFactory.java:1147) ~[spring-beans-4.3.13.RELEASE.jar:4.3.13.RELEASE]
	... 20 more
2018-08-07 18:26:57 WARN [AbstractApplicationContext.java:551] - Exception encountered during context initialization - cancelling refresh attempt: org.springframework.beans.factory.BeanCreationException: Error creating bean with name 'translateController' defined in file [F:\javaProject\pdf\target\classes\cn\aimengmeng\tool\pdf\controller\TranslateController.class]: Instantiation of bean failed; nested exception is org.springframework.beans.BeanInstantiationException: Failed to instantiate [cn.aimengmeng.tool.pdf.controller.TranslateController]: Constructor threw exception; nested exception is java.lang.Error: Unresolved compilation problems: 
	PdfPageCaptureServiceImpl cannot be resolved to a type
	PdfPageCaptureServiceImpl cannot be resolved to a type
	The method capturePages(InputStream, String, Integer, Integer, Float, Float, Integer, int[], boolean) in the type PdfpagePdfboxServiceImpl is not applicable for the arguments (InputStream)

2018-08-07 18:26:57 ERROR [SpringApplication.java:771] - Application startup failed
org.springframework.beans.factory.BeanCreationException: Error creating bean with name 'translateController' defined in file [F:\javaProject\pdf\target\classes\cn\aimengmeng\tool\pdf\controller\TranslateController.class]: Instantiation of bean failed; nested exception is org.springframework.beans.BeanInstantiationException: Failed to instantiate [cn.aimengmeng.tool.pdf.controller.TranslateController]: Constructor threw exception; nested exception is java.lang.Error: Unresolved compilation problems: 
	PdfPageCaptureServiceImpl cannot be resolved to a type
	PdfPageCaptureServiceImpl cannot be resolved to a type
	The method capturePages(InputStream, String, Integer, Integer, Float, Float, Integer, int[], boolean) in the type PdfpagePdfboxServiceImpl is not applicable for the arguments (InputStream)

	at org.springframework.beans.factory.support.AbstractAutowireCapableBeanFactory.instantiateBean(AbstractAutowireCapableBeanFactory.java:1155) ~[spring-beans-4.3.13.RELEASE.jar:4.3.13.RELEASE]
	at org.springframework.beans.factory.support.AbstractAutowireCapableBeanFactory.createBeanInstance(AbstractAutowireCapableBeanFactory.java:1099) ~[spring-beans-4.3.13.RELEASE.jar:4.3.13.RELEASE]
	at org.springframework.beans.factory.support.AbstractAutowireCapableBeanFactory.doCreateBean(AbstractAutowireCapableBeanFactory.java:513) ~[spring-beans-4.3.13.RELEASE.jar:4.3.13.RELEASE]
	at org.springframework.beans.factory.support.AbstractAutowireCapableBeanFactory.createBean(AbstractAutowireCapableBeanFactory.java:483) ~[spring-beans-4.3.13.RELEASE.jar:4.3.13.RELEASE]
	at org.springframework.beans.factory.support.AbstractBeanFactory$1.getObject(AbstractBeanFactory.java:306) ~[spring-beans-4.3.13.RELEASE.jar:4.3.13.RELEASE]
	at org.springframework.beans.factory.support.DefaultSingletonBeanRegistry.getSingleton(DefaultSingletonBeanRegistry.java:230) ~[spring-beans-4.3.13.RELEASE.jar:4.3.13.RELEASE]
	at org.springframework.beans.factory.support.AbstractBeanFactory.doGetBean(AbstractBeanFactory.java:302) ~[spring-beans-4.3.13.RELEASE.jar:4.3.13.RELEASE]
	at org.springframework.beans.factory.support.AbstractBeanFactory.getBean(AbstractBeanFactory.java:197) ~[spring-beans-4.3.13.RELEASE.jar:4.3.13.RELEASE]
	at org.springframework.beans.factory.support.DefaultListableBeanFactory.preInstantiateSingletons(DefaultListableBeanFactory.java:761) ~[spring-beans-4.3.13.RELEASE.jar:4.3.13.RELEASE]
	at org.springframework.context.support.AbstractApplicationContext.finishBeanFactoryInitialization(AbstractApplicationContext.java:867) ~[spring-context-4.3.13.RELEASE.jar:4.3.13.RELEASE]
	at org.springframework.context.support.AbstractApplicationContext.refresh(AbstractApplicationContext.java:543) ~[spring-context-4.3.13.RELEASE.jar:4.3.13.RELEASE]
	at org.springframework.boot.context.embedded.EmbeddedWebApplicationContext.refresh(EmbeddedWebApplicationContext.java:122) ~[spring-boot-1.5.9.RELEASE.jar:1.5.9.RELEASE]
	at org.springframework.boot.SpringApplication.refresh(SpringApplication.java:693) [spring-boot-1.5.9.RELEASE.jar:1.5.9.RELEASE]
	at org.springframework.boot.SpringApplication.refreshContext(SpringApplication.java:360) [spring-boot-1.5.9.RELEASE.jar:1.5.9.RELEASE]
	at org.springframework.boot.SpringApplication.run(SpringApplication.java:303) [spring-boot-1.5.9.RELEASE.jar:1.5.9.RELEASE]
	at cn.aimengmeng.tool.pdf.app.App.main(App.java:18) [classes/:?]
	at sun.reflect.NativeMethodAccessorImpl.invoke0(Native Method) ~[?:1.8.0_181]
	at sun.reflect.NativeMethodAccessorImpl.invoke(NativeMethodAccessorImpl.java:62) ~[?:1.8.0_181]
	at sun.reflect.DelegatingMethodAccessorImpl.invoke(DelegatingMethodAccessorImpl.java:43) ~[?:1.8.0_181]
	at java.lang.reflect.Method.invoke(Method.java:498) ~[?:1.8.0_181]
	at org.springframework.boot.devtools.restart.RestartLauncher.run(RestartLauncher.java:49) [spring-boot-devtools-1.5.9.RELEASE.jar:1.5.9.RELEASE]
Caused by: org.springframework.beans.BeanInstantiationException: Failed to instantiate [cn.aimengmeng.tool.pdf.controller.TranslateController]: Constructor threw exception; nested exception is java.lang.Error: Unresolved compilation problems: 
	PdfPageCaptureServiceImpl cannot be resolved to a type
	PdfPageCaptureServiceImpl cannot be resolved to a type
	The method capturePages(InputStream, String, Integer, Integer, Float, Float, Integer, int[], boolean) in the type PdfpagePdfboxServiceImpl is not applicable for the arguments (InputStream)

	at org.springframework.beans.BeanUtils.instantiateClass(BeanUtils.java:154) ~[spring-beans-4.3.13.RELEASE.jar:4.3.13.RELEASE]
	at org.springframework.beans.factory.support.SimpleInstantiationStrategy.instantiate(SimpleInstantiationStrategy.java:89) ~[spring-beans-4.3.13.RELEASE.jar:4.3.13.RELEASE]
	at org.springframework.beans.factory.support.AbstractAutowireCapableBeanFactory.instantiateBean(AbstractAutowireCapableBeanFactory.java:1147) ~[spring-beans-4.3.13.RELEASE.jar:4.3.13.RELEASE]
	... 20 more
Caused by: java.lang.Error: Unresolved compilation problems: 
	PdfPageCaptureServiceImpl cannot be resolved to a type
	PdfPageCaptureServiceImpl cannot be resolved to a type
	The method capturePages(InputStream, String, Integer, Integer, Float, Float, Integer, int[], boolean) in the type PdfpagePdfboxServiceImpl is not applicable for the arguments (InputStream)

	at cn.aimengmeng.tool.pdf.controller.TranslateController.<init>(TranslateController.java:51) ~[classes/:?]
	at sun.reflect.NativeConstructorAccessorImpl.newInstance0(Native Method) ~[?:1.8.0_181]
	at sun.reflect.NativeConstructorAccessorImpl.newInstance(NativeConstructorAccessorImpl.java:62) ~[?:1.8.0_181]
	at sun.reflect.DelegatingConstructorAccessorImpl.newInstance(DelegatingConstructorAccessorImpl.java:45) ~[?:1.8.0_181]
	at java.lang.reflect.Constructor.newInstance(Constructor.java:423) ~[?:1.8.0_181]
	at org.springframework.beans.BeanUtils.instantiateClass(BeanUtils.java:142) ~[spring-beans-4.3.13.RELEASE.jar:4.3.13.RELEASE]
	at org.springframework.beans.factory.support.SimpleInstantiationStrategy.instantiate(SimpleInstantiationStrategy.java:89) ~[spring-beans-4.3.13.RELEASE.jar:4.3.13.RELEASE]
	at org.springframework.beans.factory.support.AbstractAutowireCapableBeanFactory.instantiateBean(AbstractAutowireCapableBeanFactory.java:1147) ~[spring-beans-4.3.13.RELEASE.jar:4.3.13.RELEASE]
	... 20 more
