2018-08-07 20:22:24 ERROR [SpringApplication.java:771] - Application startup failed
java.lang.Error: Unresolved compilation problem: 
	Syntax error on token "{", Expression expected after this token

	at cn.aimengmeng.tool.pdf.service.impl.IcePdfServiceImpl.capturePages(IcePdfServiceImpl.java:96) ~[classes/:?]
	at cn.aimengmeng.tool.pdf.app.AppStartup.onApplicationEvent(AppStartup.java:33) ~[classes/:?]
	at cn.aimengmeng.tool.pdf.app.AppStartup.onApplicationEvent(AppStartup.java:1) ~[classes/:?]
	at org.springframework.context.event.SimpleApplicationEventMulticaster.doInvokeListener(SimpleApplicationEventMulticaster.java:172) ~[spring-context-4.3.13.RELEASE.jar:4.3.13.RELEASE]
	at org.springframework.context.event.SimpleApplicationEventMulticaster.invokeListener(SimpleApplicationEventMulticaster.java:165) ~[spring-context-4.3.13.RELEASE.jar:4.3.13.RELEASE]
	at org.springframework.context.event.SimpleApplicationEventMulticaster.multicastEvent(SimpleApplicationEventMulticaster.java:139) ~[spring-context-4.3.13.RELEASE.jar:4.3.13.RELEASE]
	at org.springframework.context.support.AbstractApplicationContext.publishEvent(AbstractApplicationContext.java:393) ~[spring-context-4.3.13.RELEASE.jar:4.3.13.RELEASE]
	at org.springframework.context.support.AbstractApplicationContext.publishEvent(AbstractApplicationContext.java:347) ~[spring-context-4.3.13.RELEASE.jar:4.3.13.RELEASE]
	at org.springframework.context.support.AbstractApplicationContext.finishRefresh(AbstractApplicationContext.java:883) ~[spring-context-4.3.13.RELEASE.jar:4.3.13.RELEASE]
	at org.springframework.boot.context.embedded.EmbeddedWebApplicationContext.finishRefresh(EmbeddedWebApplicationContext.java:144) ~[spring-boot-1.5.9.RELEASE.jar:1.5.9.RELEASE]
	at org.springframework.context.support.AbstractApplicationContext.refresh(AbstractApplicationContext.java:546) ~[spring-context-4.3.13.RELEASE.jar:4.3.13.RELEASE]
	at org.springframework.boot.context.embedded.EmbeddedWebApplicationContext.refresh(EmbeddedWebApplicationContext.java:122) ~[spring-boot-1.5.9.RELEASE.jar:1.5.9.RELEASE]
	at org.springframework.boot.SpringApplication.refresh(SpringApplication.java:693) [spring-boot-1.5.9.RELEASE.jar:1.5.9.RELEASE]
	at org.springframework.boot.SpringApplication.refreshContext(SpringApplication.java:360) [spring-boot-1.5.9.RELEASE.jar:1.5.9.RELEASE]
	at org.springframework.boot.SpringApplication.run(SpringApplication.java:303) [spring-boot-1.5.9.RELEASE.jar:1.5.9.RELEASE]
	at cn.aimengmeng.tool.pdf.app.App.main(App.java:18) [classes/:?]
	at sun.reflect.NativeMethodAccessorImpl.invoke0(Native Method) ~[?:1.8.0_181]
	at sun.reflect.NativeMethodAccessorImpl.invoke(NativeMethodAccessorImpl.java:62) ~[?:1.8.0_181]
	at sun.reflect.DelegatingMethodAccessorImpl.invoke(DelegatingMethodAccessorImpl.java:43) ~[?:1.8.0_181]
	at java.lang.reflect.Method.invoke(Method.java:498) ~[?:1.8.0_181]
	at org.springframework.boot.devtools.restart.RestartLauncher.run(RestartLauncher.java:49) [spring-boot-devtools-1.5.9.RELEASE.jar:1.5.9.RELEASE]
2018-08-07 20:23:11 ERROR [SpringApplication.java:771] - Application startup failed
java.lang.Error: Unresolved compilation problems: 
	Syntax error on token "==", ( expected
	Type mismatch: cannot convert from null to boolean
	Syntax error, insert ";" to complete Statement

	at cn.aimengmeng.tool.pdf.service.impl.IcePdfServiceImpl.capturePages(IcePdfServiceImpl.java:96) ~[classes/:?]
	at cn.aimengmeng.tool.pdf.app.AppStartup.onApplicationEvent(AppStartup.java:33) ~[classes/:?]
	at cn.aimengmeng.tool.pdf.app.AppStartup.onApplicationEvent(AppStartup.java:1) ~[classes/:?]
	at org.springframework.context.event.SimpleApplicationEventMulticaster.doInvokeListener(SimpleApplicationEventMulticaster.java:172) ~[spring-context-4.3.13.RELEASE.jar:4.3.13.RELEASE]
	at org.springframework.context.event.SimpleApplicationEventMulticaster.invokeListener(SimpleApplicationEventMulticaster.java:165) ~[spring-context-4.3.13.RELEASE.jar:4.3.13.RELEASE]
	at org.springframework.context.event.SimpleApplicationEventMulticaster.multicastEvent(SimpleApplicationEventMulticaster.java:139) ~[spring-context-4.3.13.RELEASE.jar:4.3.13.RELEASE]
	at org.springframework.context.support.AbstractApplicationContext.publishEvent(AbstractApplicationContext.java:393) ~[spring-context-4.3.13.RELEASE.jar:4.3.13.RELEASE]
	at org.springframework.context.support.AbstractApplicationContext.publishEvent(AbstractApplicationContext.java:347) ~[spring-context-4.3.13.RELEASE.jar:4.3.13.RELEASE]
	at org.springframework.context.support.AbstractApplicationContext.finishRefresh(AbstractApplicationContext.java:883) ~[spring-context-4.3.13.RELEASE.jar:4.3.13.RELEASE]
	at org.springframework.boot.context.embedded.EmbeddedWebApplicationContext.finishRefresh(EmbeddedWebApplicationContext.java:144) ~[spring-boot-1.5.9.RELEASE.jar:1.5.9.RELEASE]
	at org.springframework.context.support.AbstractApplicationContext.refresh(AbstractApplicationContext.java:546) ~[spring-context-4.3.13.RELEASE.jar:4.3.13.RELEASE]
	at org.springframework.boot.context.embedded.EmbeddedWebApplicationContext.refresh(EmbeddedWebApplicationContext.java:122) ~[spring-boot-1.5.9.RELEASE.jar:1.5.9.RELEASE]
	at org.springframework.boot.SpringApplication.refresh(SpringApplication.java:693) [spring-boot-1.5.9.RELEASE.jar:1.5.9.RELEASE]
	at org.springframework.boot.SpringApplication.refreshContext(SpringApplication.java:360) [spring-boot-1.5.9.RELEASE.jar:1.5.9.RELEASE]
	at org.springframework.boot.SpringApplication.run(SpringApplication.java:303) [spring-boot-1.5.9.RELEASE.jar:1.5.9.RELEASE]
	at cn.aimengmeng.tool.pdf.app.App.main(App.java:18) [classes/:?]
	at sun.reflect.NativeMethodAccessorImpl.invoke0(Native Method) ~[?:1.8.0_181]
	at sun.reflect.NativeMethodAccessorImpl.invoke(NativeMethodAccessorImpl.java:62) ~[?:1.8.0_181]
	at sun.reflect.DelegatingMethodAccessorImpl.invoke(DelegatingMethodAccessorImpl.java:43) ~[?:1.8.0_181]
	at java.lang.reflect.Method.invoke(Method.java:498) ~[?:1.8.0_181]
	at org.springframework.boot.devtools.restart.RestartLauncher.run(RestartLauncher.java:49) [spring-boot-devtools-1.5.9.RELEASE.jar:1.5.9.RELEASE]
2018-08-07 20:23:16 ERROR [SpringApplication.java:771] - Application startup failed
java.lang.Error: Unresolved compilation problems: 
	Syntax error on token "==", ( expected
	Type mismatch: cannot convert from null to boolean

	at cn.aimengmeng.tool.pdf.service.impl.IcePdfServiceImpl.capturePages(IcePdfServiceImpl.java:96) ~[classes/:?]
	at cn.aimengmeng.tool.pdf.app.AppStartup.onApplicationEvent(AppStartup.java:33) ~[classes/:?]
	at cn.aimengmeng.tool.pdf.app.AppStartup.onApplicationEvent(AppStartup.java:1) ~[classes/:?]
	at org.springframework.context.event.SimpleApplicationEventMulticaster.doInvokeListener(SimpleApplicationEventMulticaster.java:172) ~[spring-context-4.3.13.RELEASE.jar:4.3.13.RELEASE]
	at org.springframework.context.event.SimpleApplicationEventMulticaster.invokeListener(SimpleApplicationEventMulticaster.java:165) ~[spring-context-4.3.13.RELEASE.jar:4.3.13.RELEASE]
	at org.springframework.context.event.SimpleApplicationEventMulticaster.multicastEvent(SimpleApplicationEventMulticaster.java:139) ~[spring-context-4.3.13.RELEASE.jar:4.3.13.RELEASE]
	at org.springframework.context.support.AbstractApplicationContext.publishEvent(AbstractApplicationContext.java:393) ~[spring-context-4.3.13.RELEASE.jar:4.3.13.RELEASE]
	at org.springframework.context.support.AbstractApplicationContext.publishEvent(AbstractApplicationContext.java:347) ~[spring-context-4.3.13.RELEASE.jar:4.3.13.RELEASE]
	at org.springframework.context.support.AbstractApplicationContext.finishRefresh(AbstractApplicationContext.java:883) ~[spring-context-4.3.13.RELEASE.jar:4.3.13.RELEASE]
	at org.springframework.boot.context.embedded.EmbeddedWebApplicationContext.finishRefresh(EmbeddedWebApplicationContext.java:144) ~[spring-boot-1.5.9.RELEASE.jar:1.5.9.RELEASE]
	at org.springframework.context.support.AbstractApplicationContext.refresh(AbstractApplicationContext.java:546) ~[spring-context-4.3.13.RELEASE.jar:4.3.13.RELEASE]
	at org.springframework.boot.context.embedded.EmbeddedWebApplicationContext.refresh(EmbeddedWebApplicationContext.java:122) ~[spring-boot-1.5.9.RELEASE.jar:1.5.9.RELEASE]
	at org.springframework.boot.SpringApplication.refresh(SpringApplication.java:693) [spring-boot-1.5.9.RELEASE.jar:1.5.9.RELEASE]
	at org.springframework.boot.SpringApplication.refreshContext(SpringApplication.java:360) [spring-boot-1.5.9.RELEASE.jar:1.5.9.RELEASE]
	at org.springframework.boot.SpringApplication.run(SpringApplication.java:303) [spring-boot-1.5.9.RELEASE.jar:1.5.9.RELEASE]
	at cn.aimengmeng.tool.pdf.app.App.main(App.java:18) [classes/:?]
	at sun.reflect.NativeMethodAccessorImpl.invoke0(Native Method) ~[?:1.8.0_181]
	at sun.reflect.NativeMethodAccessorImpl.invoke(NativeMethodAccessorImpl.java:62) ~[?:1.8.0_181]
	at sun.reflect.DelegatingMethodAccessorImpl.invoke(DelegatingMethodAccessorImpl.java:43) ~[?:1.8.0_181]
	at java.lang.reflect.Method.invoke(Method.java:498) ~[?:1.8.0_181]
	at org.springframework.boot.devtools.restart.RestartLauncher.run(RestartLauncher.java:49) [spring-boot-devtools-1.5.9.RELEASE.jar:1.5.9.RELEASE]
2018-08-07 20:37:07 ERROR [DirectJDKLog.java:181] - Servlet.service() for servlet [dispatcherServlet] in context with path [] threw exception [Request processing failed; nested exception is org.springframework.web.multipart.MultipartException: Could not parse multipart servlet request; nested exception is java.lang.IllegalStateException: org.apache.tomcat.util.http.fileupload.FileUploadBase$SizeLimitExceededException: the request was rejected because its size (16252893) exceeds the configured maximum (10485760)] with root cause
org.apache.tomcat.util.http.fileupload.FileUploadBase$SizeLimitExceededException: the request was rejected because its size (16252893) exceeds the configured maximum (10485760)
	at org.apache.tomcat.util.http.fileupload.FileUploadBase$FileItemIteratorImpl.<init>(FileUploadBase.java:805) ~[tomcat-embed-core-8.5.23.jar:8.5.23]
	at org.apache.tomcat.util.http.fileupload.FileUploadBase.getItemIterator(FileUploadBase.java:256) ~[tomcat-embed-core-8.5.23.jar:8.5.23]
	at org.apache.tomcat.util.http.fileupload.FileUploadBase.parseRequest(FileUploadBase.java:280) ~[tomcat-embed-core-8.5.23.jar:8.5.23]
	at org.apache.catalina.connector.Request.parseParts(Request.java:2864) ~[tomcat-embed-core-8.5.23.jar:8.5.23]
	at org.apache.catalina.connector.Request.parseParameters(Request.java:3211) ~[tomcat-embed-core-8.5.23.jar:8.5.23]
	at org.apache.catalina.connector.Request.getParameter(Request.java:1137) ~[tomcat-embed-core-8.5.23.jar:8.5.23]
	at org.apache.catalina.connector.RequestFacade.getParameter(RequestFacade.java:381) ~[tomcat-embed-core-8.5.23.jar:8.5.23]
	at org.springframework.web.filter.HiddenHttpMethodFilter.doFilterInternal(HiddenHttpMethodFilter.java:75) ~[spring-web-4.3.13.RELEASE.jar:4.3.13.RELEASE]
	at org.springframework.web.filter.OncePerRequestFilter.doFilter(OncePerRequestFilter.java:107) ~[spring-web-4.3.13.RELEASE.jar:4.3.13.RELEASE]
	at org.apache.catalina.core.ApplicationFilterChain.internalDoFilter(ApplicationFilterChain.java:193) ~[tomcat-embed-core-8.5.23.jar:8.5.23]
	at org.apache.catalina.core.ApplicationFilterChain.doFilter(ApplicationFilterChain.java:166) ~[tomcat-embed-core-8.5.23.jar:8.5.23]
	at org.springframework.web.filter.CharacterEncodingFilter.doFilterInternal(CharacterEncodingFilter.java:197) ~[spring-web-4.3.13.RELEASE.jar:4.3.13.RELEASE]
	at org.springframework.web.filter.OncePerRequestFilter.doFilter(OncePerRequestFilter.java:107) ~[spring-web-4.3.13.RELEASE.jar:4.3.13.RELEASE]
	at org.apache.catalina.core.ApplicationFilterChain.internalDoFilter(ApplicationFilterChain.java:193) ~[tomcat-embed-core-8.5.23.jar:8.5.23]
	at org.apache.catalina.core.ApplicationFilterChain.doFilter(ApplicationFilterChain.java:166) ~[tomcat-embed-core-8.5.23.jar:8.5.23]
	at org.apache.catalina.core.StandardWrapperValve.invoke(StandardWrapperValve.java:199) [tomcat-embed-core-8.5.23.jar:8.5.23]
	at org.apache.catalina.core.StandardContextValve.invoke(StandardContextValve.java:96) [tomcat-embed-core-8.5.23.jar:8.5.23]
	at org.apache.catalina.authenticator.AuthenticatorBase.invoke(AuthenticatorBase.java:478) [tomcat-embed-core-8.5.23.jar:8.5.23]
	at org.apache.catalina.core.StandardHostValve.invoke(StandardHostValve.java:140) [tomcat-embed-core-8.5.23.jar:8.5.23]
	at org.apache.catalina.valves.ErrorReportValve.invoke(ErrorReportValve.java:81) [tomcat-embed-core-8.5.23.jar:8.5.23]
	at org.apache.catalina.core.StandardEngineValve.invoke(StandardEngineValve.java:87) [tomcat-embed-core-8.5.23.jar:8.5.23]
	at org.apache.catalina.connector.CoyoteAdapter.service(CoyoteAdapter.java:342) [tomcat-embed-core-8.5.23.jar:8.5.23]
	at org.apache.coyote.http11.Http11Processor.service(Http11Processor.java:803) [tomcat-embed-core-8.5.23.jar:8.5.23]
	at org.apache.coyote.AbstractProcessorLight.process(AbstractProcessorLight.java:66) [tomcat-embed-core-8.5.23.jar:8.5.23]
	at org.apache.coyote.AbstractProtocol$ConnectionHandler.process(AbstractProtocol.java:868) [tomcat-embed-core-8.5.23.jar:8.5.23]
	at org.apache.tomcat.util.net.NioEndpoint$SocketProcessor.doRun(NioEndpoint.java:1459) [tomcat-embed-core-8.5.23.jar:8.5.23]
	at org.apache.tomcat.util.net.SocketProcessorBase.run(SocketProcessorBase.java:49) [tomcat-embed-core-8.5.23.jar:8.5.23]
	at java.util.concurrent.ThreadPoolExecutor.runWorker(ThreadPoolExecutor.java:1149) [?:1.8.0_181]
	at java.util.concurrent.ThreadPoolExecutor$Worker.run(ThreadPoolExecutor.java:624) [?:1.8.0_181]
	at org.apache.tomcat.util.threads.TaskThread$WrappingRunnable.run(TaskThread.java:61) [tomcat-embed-core-8.5.23.jar:8.5.23]
	at java.lang.Thread.run(Thread.java:748) [?:1.8.0_181]
2018-08-07 20:38:26 ERROR [ServerErrorController.java:43] - ************************异常开始*******************************
2018-08-07 20:38:26 ERROR [ServerErrorController.java:45] - org.springframework.web.multipart.support.StandardMultipartHttpServletRequest@782849e4
2018-08-07 20:38:26 ERROR [ServerErrorController.java:46] - 请求url : http://localhost:18088/pdf/pdfBoxToImage
2018-08-07 20:38:26 ERROR [ServerErrorController.java:48] - 请求方法: POST
2018-08-07 20:38:26 ERROR [ServerErrorController.java:50] - Content-Type:multipart/form-data; boundary=--------------------------822052284233559057735855
2018-08-07 20:38:26 ERROR [ServerErrorController.java:59] - 错误信息:java.lang.NumberFormatException: For input string: "/ts-cache/pdfToImage/0d413c19-2584-4529-91a0-784489004df1/1"
2018-08-07 20:38:26 ERROR [ServerErrorController.java:63] - java.lang.NumberFormatException.forInputString(NumberFormatException.java:65)
2018-08-07 20:38:26 ERROR [ServerErrorController.java:63] - java.lang.Integer.parseInt(Integer.java:569)
2018-08-07 20:38:26 ERROR [ServerErrorController.java:63] - java.lang.Integer.valueOf(Integer.java:766)
2018-08-07 20:38:26 ERROR [ServerErrorController.java:63] - cn.aimengmeng.tool.pdf.util.ArraySort.compare(ArraySort.java:13)
2018-08-07 20:38:26 ERROR [ServerErrorController.java:63] - cn.aimengmeng.tool.pdf.util.ArraySort.compare(ArraySort.java:1)
2018-08-07 20:38:26 ERROR [ServerErrorController.java:63] - java.util.TimSort.countRunAndMakeAscending(TimSort.java:355)
2018-08-07 20:38:26 ERROR [ServerErrorController.java:63] - java.util.TimSort.sort(TimSort.java:234)
2018-08-07 20:38:26 ERROR [ServerErrorController.java:63] - java.util.Arrays.sort(Arrays.java:1512)
2018-08-07 20:38:26 ERROR [ServerErrorController.java:63] - java.util.ArrayList.sort(ArrayList.java:1462)
2018-08-07 20:38:26 ERROR [ServerErrorController.java:63] - java.util.Collections.sort(Collections.java:175)
2018-08-07 20:38:26 ERROR [ServerErrorController.java:63] - cn.aimengmeng.tool.pdf.service.impl.PdfBoxServiceImpl.capturePages(PdfBoxServiceImpl.java:82)
2018-08-07 20:38:26 ERROR [ServerErrorController.java:63] - cn.aimengmeng.tool.pdf.controller.TranslateController.pdfBoxToImage(TranslateController.java:112)
2018-08-07 20:38:26 ERROR [ServerErrorController.java:63] - cn.aimengmeng.tool.pdf.controller.TranslateController$$FastClassBySpringCGLIB$$d81b4969.invoke(<generated>)
2018-08-07 20:38:26 ERROR [ServerErrorController.java:63] - org.springframework.cglib.proxy.MethodProxy.invoke(MethodProxy.java:204)
2018-08-07 20:38:26 ERROR [ServerErrorController.java:63] - org.springframework.aop.framework.CglibAopProxy$CglibMethodInvocation.invokeJoinpoint(CglibAopProxy.java:738)
2018-08-07 20:38:26 ERROR [ServerErrorController.java:63] - org.springframework.aop.framework.ReflectiveMethodInvocation.proceed(ReflectiveMethodInvocation.java:157)
2018-08-07 20:38:26 ERROR [ServerErrorController.java:63] - org.springframework.aop.framework.adapter.MethodBeforeAdviceInterceptor.invoke(MethodBeforeAdviceInterceptor.java:52)
2018-08-07 20:38:26 ERROR [ServerErrorController.java:63] - org.springframework.aop.framework.ReflectiveMethodInvocation.proceed(ReflectiveMethodInvocation.java:179)
2018-08-07 20:38:26 ERROR [ServerErrorController.java:63] - org.springframework.aop.framework.adapter.AfterReturningAdviceInterceptor.invoke(AfterReturningAdviceInterceptor.java:52)
2018-08-07 20:38:26 ERROR [ServerErrorController.java:63] - org.springframework.aop.framework.ReflectiveMethodInvocation.proceed(ReflectiveMethodInvocation.java:179)
2018-08-07 20:38:26 ERROR [ServerErrorController.java:63] - org.springframework.aop.interceptor.ExposeInvocationInterceptor.invoke(ExposeInvocationInterceptor.java:92)
2018-08-07 20:38:26 ERROR [ServerErrorController.java:63] - org.springframework.aop.framework.ReflectiveMethodInvocation.proceed(ReflectiveMethodInvocation.java:179)
2018-08-07 20:38:26 ERROR [ServerErrorController.java:63] - org.springframework.aop.framework.CglibAopProxy$DynamicAdvisedInterceptor.intercept(CglibAopProxy.java:673)
2018-08-07 20:38:26 ERROR [ServerErrorController.java:63] - cn.aimengmeng.tool.pdf.controller.TranslateController$$EnhancerBySpringCGLIB$$189a3928.pdfBoxToImage(<generated>)
2018-08-07 20:38:26 ERROR [ServerErrorController.java:63] - sun.reflect.NativeMethodAccessorImpl.invoke0(Native Method)
2018-08-07 20:38:26 ERROR [ServerErrorController.java:63] - sun.reflect.NativeMethodAccessorImpl.invoke(NativeMethodAccessorImpl.java:62)
2018-08-07 20:38:26 ERROR [ServerErrorController.java:63] - sun.reflect.DelegatingMethodAccessorImpl.invoke(DelegatingMethodAccessorImpl.java:43)
2018-08-07 20:38:26 ERROR [ServerErrorController.java:63] - java.lang.reflect.Method.invoke(Method.java:498)
2018-08-07 20:38:26 ERROR [ServerErrorController.java:63] - org.springframework.web.method.support.InvocableHandlerMethod.doInvoke(InvocableHandlerMethod.java:205)
2018-08-07 20:38:26 ERROR [ServerErrorController.java:63] - org.springframework.web.method.support.InvocableHandlerMethod.invokeForRequest(InvocableHandlerMethod.java:133)
2018-08-07 20:38:26 ERROR [ServerErrorController.java:63] - org.springframework.web.servlet.mvc.method.annotation.ServletInvocableHandlerMethod.invokeAndHandle(ServletInvocableHandlerMethod.java:97)
2018-08-07 20:38:26 ERROR [ServerErrorController.java:63] - org.springframework.web.servlet.mvc.method.annotation.RequestMappingHandlerAdapter.invokeHandlerMethod(RequestMappingHandlerAdapter.java:827)
2018-08-07 20:38:26 ERROR [ServerErrorController.java:63] - org.springframework.web.servlet.mvc.method.annotation.RequestMappingHandlerAdapter.handleInternal(RequestMappingHandlerAdapter.java:738)
2018-08-07 20:38:26 ERROR [ServerErrorController.java:63] - org.springframework.web.servlet.mvc.method.AbstractHandlerMethodAdapter.handle(AbstractHandlerMethodAdapter.java:85)
2018-08-07 20:38:26 ERROR [ServerErrorController.java:63] - org.springframework.web.servlet.DispatcherServlet.doDispatch(DispatcherServlet.java:967)
2018-08-07 20:38:26 ERROR [ServerErrorController.java:63] - org.springframework.web.servlet.DispatcherServlet.doService(DispatcherServlet.java:901)
2018-08-07 20:38:26 ERROR [ServerErrorController.java:63] - org.springframework.web.servlet.FrameworkServlet.processRequest(FrameworkServlet.java:970)
2018-08-07 20:38:26 ERROR [ServerErrorController.java:63] - org.springframework.web.servlet.FrameworkServlet.doPost(FrameworkServlet.java:872)
2018-08-07 20:38:26 ERROR [ServerErrorController.java:63] - javax.servlet.http.HttpServlet.service(HttpServlet.java:661)
2018-08-07 20:38:26 ERROR [ServerErrorController.java:63] - org.springframework.web.servlet.FrameworkServlet.service(FrameworkServlet.java:846)
2018-08-07 20:38:26 ERROR [ServerErrorController.java:63] - javax.servlet.http.HttpServlet.service(HttpServlet.java:742)
2018-08-07 20:38:26 ERROR [ServerErrorController.java:63] - org.apache.catalina.core.ApplicationFilterChain.internalDoFilter(ApplicationFilterChain.java:231)
2018-08-07 20:38:26 ERROR [ServerErrorController.java:63] - org.apache.catalina.core.ApplicationFilterChain.doFilter(ApplicationFilterChain.java:166)
2018-08-07 20:38:26 ERROR [ServerErrorController.java:63] - org.apache.tomcat.websocket.server.WsFilter.doFilter(WsFilter.java:52)
2018-08-07 20:38:26 ERROR [ServerErrorController.java:63] - org.apache.catalina.core.ApplicationFilterChain.internalDoFilter(ApplicationFilterChain.java:193)
2018-08-07 20:38:26 ERROR [ServerErrorController.java:63] - org.apache.catalina.core.ApplicationFilterChain.doFilter(ApplicationFilterChain.java:166)
2018-08-07 20:38:26 ERROR [ServerErrorController.java:63] - cn.aimengmeng.tool.pdf.filter.myCORSFilter.doFilter(myCORSFilter.java:32)
2018-08-07 20:38:26 ERROR [ServerErrorController.java:63] - org.apache.catalina.core.ApplicationFilterChain.internalDoFilter(ApplicationFilterChain.java:193)
2018-08-07 20:38:26 ERROR [ServerErrorController.java:63] - org.apache.catalina.core.ApplicationFilterChain.doFilter(ApplicationFilterChain.java:166)
2018-08-07 20:38:26 ERROR [ServerErrorController.java:63] - org.springframework.web.filter.RequestContextFilter.doFilterInternal(RequestContextFilter.java:99)
2018-08-07 20:38:26 ERROR [ServerErrorController.java:63] - org.springframework.web.filter.OncePerRequestFilter.doFilter(OncePerRequestFilter.java:107)
2018-08-07 20:38:26 ERROR [ServerErrorController.java:63] - org.apache.catalina.core.ApplicationFilterChain.internalDoFilter(ApplicationFilterChain.java:193)
2018-08-07 20:38:26 ERROR [ServerErrorController.java:63] - org.apache.catalina.core.ApplicationFilterChain.doFilter(ApplicationFilterChain.java:166)
2018-08-07 20:38:26 ERROR [ServerErrorController.java:63] - org.springframework.web.filter.HttpPutFormContentFilter.doFilterInternal(HttpPutFormContentFilter.java:108)
2018-08-07 20:38:26 ERROR [ServerErrorController.java:63] - org.springframework.web.filter.OncePerRequestFilter.doFilter(OncePerRequestFilter.java:107)
2018-08-07 20:38:26 ERROR [ServerErrorController.java:63] - org.apache.catalina.core.ApplicationFilterChain.internalDoFilter(ApplicationFilterChain.java:193)
2018-08-07 20:38:26 ERROR [ServerErrorController.java:63] - org.apache.catalina.core.ApplicationFilterChain.doFilter(ApplicationFilterChain.java:166)
2018-08-07 20:38:26 ERROR [ServerErrorController.java:63] - org.springframework.web.filter.HiddenHttpMethodFilter.doFilterInternal(HiddenHttpMethodFilter.java:81)
2018-08-07 20:38:26 ERROR [ServerErrorController.java:63] - org.springframework.web.filter.OncePerRequestFilter.doFilter(OncePerRequestFilter.java:107)
2018-08-07 20:38:26 ERROR [ServerErrorController.java:63] - org.apache.catalina.core.ApplicationFilterChain.internalDoFilter(ApplicationFilterChain.java:193)
2018-08-07 20:38:26 ERROR [ServerErrorController.java:63] - org.apache.catalina.core.ApplicationFilterChain.doFilter(ApplicationFilterChain.java:166)
2018-08-07 20:38:26 ERROR [ServerErrorController.java:63] - org.springframework.web.filter.CharacterEncodingFilter.doFilterInternal(CharacterEncodingFilter.java:197)
2018-08-07 20:38:26 ERROR [ServerErrorController.java:63] - org.springframework.web.filter.OncePerRequestFilter.doFilter(OncePerRequestFilter.java:107)
2018-08-07 20:38:26 ERROR [ServerErrorController.java:63] - org.apache.catalina.core.ApplicationFilterChain.internalDoFilter(ApplicationFilterChain.java:193)
2018-08-07 20:38:26 ERROR [ServerErrorController.java:63] - org.apache.catalina.core.ApplicationFilterChain.doFilter(ApplicationFilterChain.java:166)
2018-08-07 20:38:26 ERROR [ServerErrorController.java:63] - org.apache.catalina.core.StandardWrapperValve.invoke(StandardWrapperValve.java:199)
2018-08-07 20:38:26 ERROR [ServerErrorController.java:63] - org.apache.catalina.core.StandardContextValve.invoke(StandardContextValve.java:96)
2018-08-07 20:38:26 ERROR [ServerErrorController.java:63] - org.apache.catalina.authenticator.AuthenticatorBase.invoke(AuthenticatorBase.java:478)
2018-08-07 20:38:26 ERROR [ServerErrorController.java:63] - org.apache.catalina.core.StandardHostValve.invoke(StandardHostValve.java:140)
2018-08-07 20:38:26 ERROR [ServerErrorController.java:63] - org.apache.catalina.valves.ErrorReportValve.invoke(ErrorReportValve.java:81)
2018-08-07 20:38:26 ERROR [ServerErrorController.java:63] - org.apache.catalina.core.StandardEngineValve.invoke(StandardEngineValve.java:87)
2018-08-07 20:38:26 ERROR [ServerErrorController.java:63] - org.apache.catalina.connector.CoyoteAdapter.service(CoyoteAdapter.java:342)
2018-08-07 20:38:26 ERROR [ServerErrorController.java:63] - org.apache.coyote.http11.Http11Processor.service(Http11Processor.java:803)
2018-08-07 20:38:26 ERROR [ServerErrorController.java:63] - org.apache.coyote.AbstractProcessorLight.process(AbstractProcessorLight.java:66)
2018-08-07 20:38:26 ERROR [ServerErrorController.java:63] - org.apache.coyote.AbstractProtocol$ConnectionHandler.process(AbstractProtocol.java:868)
2018-08-07 20:38:26 ERROR [ServerErrorController.java:63] - org.apache.tomcat.util.net.NioEndpoint$SocketProcessor.doRun(NioEndpoint.java:1459)
2018-08-07 20:38:26 ERROR [ServerErrorController.java:63] - org.apache.tomcat.util.net.SocketProcessorBase.run(SocketProcessorBase.java:49)
2018-08-07 20:38:26 ERROR [ServerErrorController.java:63] - java.util.concurrent.ThreadPoolExecutor.runWorker(ThreadPoolExecutor.java:1149)
2018-08-07 20:38:26 ERROR [ServerErrorController.java:63] - java.util.concurrent.ThreadPoolExecutor$Worker.run(ThreadPoolExecutor.java:624)
2018-08-07 20:38:26 ERROR [ServerErrorController.java:63] - org.apache.tomcat.util.threads.TaskThread$WrappingRunnable.run(TaskThread.java:61)
2018-08-07 20:38:26 ERROR [ServerErrorController.java:63] - java.lang.Thread.run(Thread.java:748)
2018-08-07 20:38:26 ERROR [ServerErrorController.java:65] - ************************异常结束*******************************
2018-08-07 20:38:26 WARN [AbstractHandlerExceptionResolver.java:189] - Resolved exception caused by Handler execution: java.lang.NumberFormatException: For input string: "/ts-cache/pdfToImage/0d413c19-2584-4529-91a0-784489004df1/1"
2018-08-07 20:39:40 WARN [null:-1] - Error during decode falling back on alternative fax decode.
2018-08-07 20:39:40 WARN [null:-1] - Error during decode falling back on alternative fax decode.
2018-08-07 20:39:40 WARN [null:-1] - Error during decode falling back on alternative fax decode.
2018-08-07 20:39:40 WARN [null:-1] - Error during decode falling back on alternative fax decode.
2018-08-07 20:39:40 WARN [null:-1] - Error during decode falling back on alternative fax decode.
2018-08-07 20:39:40 WARN [null:-1] - Error during decode falling back on alternative fax decode.
2018-08-07 20:39:40 WARN [null:-1] - Error during decode falling back on alternative fax decode.
2018-08-07 20:39:54 WARN [null:-1] - Error during decode falling back on alternative fax decode.
2018-08-07 20:39:54 WARN [null:-1] - Error during decode falling back on alternative fax decode.
2018-08-07 20:39:54 WARN [null:-1] - Error during decode falling back on alternative fax decode.
2018-08-07 20:39:54 WARN [null:-1] - Error during decode falling back on alternative fax decode.
2018-08-07 20:44:51 ERROR [ServerErrorController.java:43] - ************************异常开始*******************************
2018-08-07 20:44:51 ERROR [ServerErrorController.java:45] - org.springframework.web.multipart.support.StandardMultipartHttpServletRequest@28abb777
2018-08-07 20:44:51 ERROR [ServerErrorController.java:46] - 请求url : http://localhost:18088/pdf/pdfBoxToImage
2018-08-07 20:44:51 ERROR [ServerErrorController.java:48] - 请求方法: POST
2018-08-07 20:44:51 ERROR [ServerErrorController.java:50] - Content-Type:multipart/form-data; boundary=--------------------------969330188296082423155249
2018-08-07 20:44:51 ERROR [ServerErrorController.java:59] - 错误信息:java.lang.NumberFormatException: For input string: "/ts-cache/pdfToImage/f3ac2dac-a1ba-4c76-8b36-54b9420e1c00/1"
2018-08-07 20:44:51 ERROR [ServerErrorController.java:63] - java.lang.NumberFormatException.forInputString(NumberFormatException.java:65)
2018-08-07 20:44:51 ERROR [ServerErrorController.java:63] - java.lang.Integer.parseInt(Integer.java:569)
2018-08-07 20:44:51 ERROR [ServerErrorController.java:63] - java.lang.Integer.valueOf(Integer.java:766)
2018-08-07 20:44:51 ERROR [ServerErrorController.java:63] - cn.aimengmeng.tool.pdf.util.ArraySort.compare(ArraySort.java:16)
2018-08-07 20:44:51 ERROR [ServerErrorController.java:63] - cn.aimengmeng.tool.pdf.util.ArraySort.compare(ArraySort.java:1)
2018-08-07 20:44:51 ERROR [ServerErrorController.java:63] - java.util.TimSort.countRunAndMakeAscending(TimSort.java:355)
2018-08-07 20:44:51 ERROR [ServerErrorController.java:63] - java.util.TimSort.sort(TimSort.java:234)
2018-08-07 20:44:51 ERROR [ServerErrorController.java:63] - java.util.Arrays.sort(Arrays.java:1512)
2018-08-07 20:44:51 ERROR [ServerErrorController.java:63] - java.util.ArrayList.sort(ArrayList.java:1462)
2018-08-07 20:44:51 ERROR [ServerErrorController.java:63] - java.util.Collections.sort(Collections.java:175)
2018-08-07 20:44:51 ERROR [ServerErrorController.java:63] - cn.aimengmeng.tool.pdf.service.impl.PdfBoxServiceImpl.capturePages(PdfBoxServiceImpl.java:82)
2018-08-07 20:44:51 ERROR [ServerErrorController.java:63] - cn.aimengmeng.tool.pdf.controller.TranslateController.pdfBoxToImage(TranslateController.java:112)
2018-08-07 20:44:51 ERROR [ServerErrorController.java:63] - cn.aimengmeng.tool.pdf.controller.TranslateController$$FastClassBySpringCGLIB$$d81b4969.invoke(<generated>)
2018-08-07 20:44:51 ERROR [ServerErrorController.java:63] - org.springframework.cglib.proxy.MethodProxy.invoke(MethodProxy.java:204)
2018-08-07 20:44:51 ERROR [ServerErrorController.java:63] - org.springframework.aop.framework.CglibAopProxy$CglibMethodInvocation.invokeJoinpoint(CglibAopProxy.java:738)
2018-08-07 20:44:51 ERROR [ServerErrorController.java:63] - org.springframework.aop.framework.ReflectiveMethodInvocation.proceed(ReflectiveMethodInvocation.java:157)
2018-08-07 20:44:51 ERROR [ServerErrorController.java:63] - org.springframework.aop.framework.adapter.MethodBeforeAdviceInterceptor.invoke(MethodBeforeAdviceInterceptor.java:52)
2018-08-07 20:44:51 ERROR [ServerErrorController.java:63] - org.springframework.aop.framework.ReflectiveMethodInvocation.proceed(ReflectiveMethodInvocation.java:179)
2018-08-07 20:44:51 ERROR [ServerErrorController.java:63] - org.springframework.aop.framework.adapter.AfterReturningAdviceInterceptor.invoke(AfterReturningAdviceInterceptor.java:52)
2018-08-07 20:44:51 ERROR [ServerErrorController.java:63] - org.springframework.aop.framework.ReflectiveMethodInvocation.proceed(ReflectiveMethodInvocation.java:179)
2018-08-07 20:44:51 ERROR [ServerErrorController.java:63] - org.springframework.aop.interceptor.ExposeInvocationInterceptor.invoke(ExposeInvocationInterceptor.java:92)
2018-08-07 20:44:51 ERROR [ServerErrorController.java:63] - org.springframework.aop.framework.ReflectiveMethodInvocation.proceed(ReflectiveMethodInvocation.java:179)
2018-08-07 20:44:51 ERROR [ServerErrorController.java:63] - org.springframework.aop.framework.CglibAopProxy$DynamicAdvisedInterceptor.intercept(CglibAopProxy.java:673)
2018-08-07 20:44:51 ERROR [ServerErrorController.java:63] - cn.aimengmeng.tool.pdf.controller.TranslateController$$EnhancerBySpringCGLIB$$53ae3a40.pdfBoxToImage(<generated>)
2018-08-07 20:44:51 ERROR [ServerErrorController.java:63] - sun.reflect.NativeMethodAccessorImpl.invoke0(Native Method)
2018-08-07 20:44:51 ERROR [ServerErrorController.java:63] - sun.reflect.NativeMethodAccessorImpl.invoke(NativeMethodAccessorImpl.java:62)
2018-08-07 20:44:51 ERROR [ServerErrorController.java:63] - sun.reflect.DelegatingMethodAccessorImpl.invoke(DelegatingMethodAccessorImpl.java:43)
2018-08-07 20:44:51 ERROR [ServerErrorController.java:63] - java.lang.reflect.Method.invoke(Method.java:498)
2018-08-07 20:44:51 ERROR [ServerErrorController.java:63] - org.springframework.web.method.support.InvocableHandlerMethod.doInvoke(InvocableHandlerMethod.java:205)
2018-08-07 20:44:51 ERROR [ServerErrorController.java:63] - org.springframework.web.method.support.InvocableHandlerMethod.invokeForRequest(InvocableHandlerMethod.java:133)
2018-08-07 20:44:51 ERROR [ServerErrorController.java:63] - org.springframework.web.servlet.mvc.method.annotation.ServletInvocableHandlerMethod.invokeAndHandle(ServletInvocableHandlerMethod.java:97)
2018-08-07 20:44:51 ERROR [ServerErrorController.java:63] - org.springframework.web.servlet.mvc.method.annotation.RequestMappingHandlerAdapter.invokeHandlerMethod(RequestMappingHandlerAdapter.java:827)
2018-08-07 20:44:51 ERROR [ServerErrorController.java:63] - org.springframework.web.servlet.mvc.method.annotation.RequestMappingHandlerAdapter.handleInternal(RequestMappingHandlerAdapter.java:738)
2018-08-07 20:44:51 ERROR [ServerErrorController.java:63] - org.springframework.web.servlet.mvc.method.AbstractHandlerMethodAdapter.handle(AbstractHandlerMethodAdapter.java:85)
2018-08-07 20:44:51 ERROR [ServerErrorController.java:63] - org.springframework.web.servlet.DispatcherServlet.doDispatch(DispatcherServlet.java:967)
2018-08-07 20:44:51 ERROR [ServerErrorController.java:63] - org.springframework.web.servlet.DispatcherServlet.doService(DispatcherServlet.java:901)
2018-08-07 20:44:51 ERROR [ServerErrorController.java:63] - org.springframework.web.servlet.FrameworkServlet.processRequest(FrameworkServlet.java:970)
2018-08-07 20:44:51 ERROR [ServerErrorController.java:63] - org.springframework.web.servlet.FrameworkServlet.doPost(FrameworkServlet.java:872)
2018-08-07 20:44:51 ERROR [ServerErrorController.java:63] - javax.servlet.http.HttpServlet.service(HttpServlet.java:661)
2018-08-07 20:44:51 ERROR [ServerErrorController.java:63] - org.springframework.web.servlet.FrameworkServlet.service(FrameworkServlet.java:846)
2018-08-07 20:44:51 ERROR [ServerErrorController.java:63] - javax.servlet.http.HttpServlet.service(HttpServlet.java:742)
2018-08-07 20:44:51 ERROR [ServerErrorController.java:63] - org.apache.catalina.core.ApplicationFilterChain.internalDoFilter(ApplicationFilterChain.java:231)
2018-08-07 20:44:51 ERROR [ServerErrorController.java:63] - org.apache.catalina.core.ApplicationFilterChain.doFilter(ApplicationFilterChain.java:166)
2018-08-07 20:44:51 ERROR [ServerErrorController.java:63] - org.apache.tomcat.websocket.server.WsFilter.doFilter(WsFilter.java:52)
2018-08-07 20:44:51 ERROR [ServerErrorController.java:63] - org.apache.catalina.core.ApplicationFilterChain.internalDoFilter(ApplicationFilterChain.java:193)
2018-08-07 20:44:51 ERROR [ServerErrorController.java:63] - org.apache.catalina.core.ApplicationFilterChain.doFilter(ApplicationFilterChain.java:166)
2018-08-07 20:44:51 ERROR [ServerErrorController.java:63] - cn.aimengmeng.tool.pdf.filter.myCORSFilter.doFilter(myCORSFilter.java:32)
2018-08-07 20:44:51 ERROR [ServerErrorController.java:63] - org.apache.catalina.core.ApplicationFilterChain.internalDoFilter(ApplicationFilterChain.java:193)
2018-08-07 20:44:51 ERROR [ServerErrorController.java:63] - org.apache.catalina.core.ApplicationFilterChain.doFilter(ApplicationFilterChain.java:166)
2018-08-07 20:44:51 ERROR [ServerErrorController.java:63] - org.springframework.web.filter.RequestContextFilter.doFilterInternal(RequestContextFilter.java:99)
2018-08-07 20:44:51 ERROR [ServerErrorController.java:63] - org.springframework.web.filter.OncePerRequestFilter.doFilter(OncePerRequestFilter.java:107)
2018-08-07 20:44:51 ERROR [ServerErrorController.java:63] - org.apache.catalina.core.ApplicationFilterChain.internalDoFilter(ApplicationFilterChain.java:193)
2018-08-07 20:44:51 ERROR [ServerErrorController.java:63] - org.apache.catalina.core.ApplicationFilterChain.doFilter(ApplicationFilterChain.java:166)
2018-08-07 20:44:51 ERROR [ServerErrorController.java:63] - org.springframework.web.filter.HttpPutFormContentFilter.doFilterInternal(HttpPutFormContentFilter.java:108)
2018-08-07 20:44:51 ERROR [ServerErrorController.java:63] - org.springframework.web.filter.OncePerRequestFilter.doFilter(OncePerRequestFilter.java:107)
2018-08-07 20:44:51 ERROR [ServerErrorController.java:63] - org.apache.catalina.core.ApplicationFilterChain.internalDoFilter(ApplicationFilterChain.java:193)
2018-08-07 20:44:51 ERROR [ServerErrorController.java:63] - org.apache.catalina.core.ApplicationFilterChain.doFilter(ApplicationFilterChain.java:166)
2018-08-07 20:44:51 ERROR [ServerErrorController.java:63] - org.springframework.web.filter.HiddenHttpMethodFilter.doFilterInternal(HiddenHttpMethodFilter.java:81)
2018-08-07 20:44:51 ERROR [ServerErrorController.java:63] - org.springframework.web.filter.OncePerRequestFilter.doFilter(OncePerRequestFilter.java:107)
2018-08-07 20:44:51 ERROR [ServerErrorController.java:63] - org.apache.catalina.core.ApplicationFilterChain.internalDoFilter(ApplicationFilterChain.java:193)
2018-08-07 20:44:51 ERROR [ServerErrorController.java:63] - org.apache.catalina.core.ApplicationFilterChain.doFilter(ApplicationFilterChain.java:166)
2018-08-07 20:44:51 ERROR [ServerErrorController.java:63] - org.springframework.web.filter.CharacterEncodingFilter.doFilterInternal(CharacterEncodingFilter.java:197)
2018-08-07 20:44:51 ERROR [ServerErrorController.java:63] - org.springframework.web.filter.OncePerRequestFilter.doFilter(OncePerRequestFilter.java:107)
2018-08-07 20:44:51 ERROR [ServerErrorController.java:63] - org.apache.catalina.core.ApplicationFilterChain.internalDoFilter(ApplicationFilterChain.java:193)
2018-08-07 20:44:51 ERROR [ServerErrorController.java:63] - org.apache.catalina.core.ApplicationFilterChain.doFilter(ApplicationFilterChain.java:166)
2018-08-07 20:44:51 ERROR [ServerErrorController.java:63] - org.apache.catalina.core.StandardWrapperValve.invoke(StandardWrapperValve.java:199)
2018-08-07 20:44:51 ERROR [ServerErrorController.java:63] - org.apache.catalina.core.StandardContextValve.invoke(StandardContextValve.java:96)
2018-08-07 20:44:51 ERROR [ServerErrorController.java:63] - org.apache.catalina.authenticator.AuthenticatorBase.invoke(AuthenticatorBase.java:478)
2018-08-07 20:44:51 ERROR [ServerErrorController.java:63] - org.apache.catalina.core.StandardHostValve.invoke(StandardHostValve.java:140)
2018-08-07 20:44:51 ERROR [ServerErrorController.java:63] - org.apache.catalina.valves.ErrorReportValve.invoke(ErrorReportValve.java:81)
2018-08-07 20:44:51 ERROR [ServerErrorController.java:63] - org.apache.catalina.core.StandardEngineValve.invoke(StandardEngineValve.java:87)
2018-08-07 20:44:51 ERROR [ServerErrorController.java:63] - org.apache.catalina.connector.CoyoteAdapter.service(CoyoteAdapter.java:342)
2018-08-07 20:44:51 ERROR [ServerErrorController.java:63] - org.apache.coyote.http11.Http11Processor.service(Http11Processor.java:803)
2018-08-07 20:44:51 ERROR [ServerErrorController.java:63] - org.apache.coyote.AbstractProcessorLight.process(AbstractProcessorLight.java:66)
2018-08-07 20:44:51 ERROR [ServerErrorController.java:63] - org.apache.coyote.AbstractProtocol$ConnectionHandler.process(AbstractProtocol.java:868)
2018-08-07 20:44:51 ERROR [ServerErrorController.java:63] - org.apache.tomcat.util.net.NioEndpoint$SocketProcessor.doRun(NioEndpoint.java:1459)
2018-08-07 20:44:51 ERROR [ServerErrorController.java:63] - org.apache.tomcat.util.net.SocketProcessorBase.run(SocketProcessorBase.java:49)
2018-08-07 20:44:51 ERROR [ServerErrorController.java:63] - java.util.concurrent.ThreadPoolExecutor.runWorker(ThreadPoolExecutor.java:1149)
2018-08-07 20:44:51 ERROR [ServerErrorController.java:63] - java.util.concurrent.ThreadPoolExecutor$Worker.run(ThreadPoolExecutor.java:624)
2018-08-07 20:44:51 ERROR [ServerErrorController.java:63] - org.apache.tomcat.util.threads.TaskThread$WrappingRunnable.run(TaskThread.java:61)
2018-08-07 20:44:51 ERROR [ServerErrorController.java:63] - java.lang.Thread.run(Thread.java:748)
2018-08-07 20:44:51 ERROR [ServerErrorController.java:65] - ************************异常结束*******************************
2018-08-07 20:44:51 WARN [AbstractHandlerExceptionResolver.java:189] - Resolved exception caused by Handler execution: java.lang.NumberFormatException: For input string: "/ts-cache/pdfToImage/f3ac2dac-a1ba-4c76-8b36-54b9420e1c00/1"
2018-08-07 20:48:10 WARN [null:-1] - Error during decode falling back on alternative fax decode.
2018-08-07 20:48:10 WARN [null:-1] - Error during decode falling back on alternative fax decode.
2018-08-07 20:48:10 WARN [null:-1] - Error during decode falling back on alternative fax decode.
2018-08-07 20:48:10 WARN [null:-1] - Error during decode falling back on alternative fax decode.
2018-08-07 20:48:10 WARN [null:-1] - Error during decode falling back on alternative fax decode.
2018-08-07 20:48:10 WARN [null:-1] - Error during decode falling back on alternative fax decode.
2018-08-07 20:48:10 WARN [null:-1] - Error during decode falling back on alternative fax decode.
2018-08-07 20:48:23 WARN [null:-1] - Error during decode falling back on alternative fax decode.
2018-08-07 20:48:23 WARN [null:-1] - Error during decode falling back on alternative fax decode.
2018-08-07 20:48:23 WARN [null:-1] - Error during decode falling back on alternative fax decode.
2018-08-07 20:48:23 WARN [null:-1] - Error during decode falling back on alternative fax decode.
